2019-10-30 10:10:40,370:__main__:ERROR - Expecting value: line 1 column 1 (char 0)
Traceback (most recent call last):
  File "resumepbx.py", line 18, in resumepbx
    j = k.json()
  File "E:\Python36\lib\site-packages\requests\models.py", line 892, in json
    return complexjson.loads(self.text, **kwargs)
  File "E:\Python36\lib\site-packages\simplejson\__init__.py", line 518, in loads
    return _default_decoder.decode(s)
  File "E:\Python36\lib\site-packages\simplejson\decoder.py", line 370, in decode
    obj, end = self.raw_decode(s)
  File "E:\Python36\lib\site-packages\simplejson\decoder.py", line 400, in raw_decode
    return self.scan_once(s, idx=_w(s, idx).end())
simplejson.errors.JSONDecodeError: Expecting value: line 1 column 1 (char 0)
2019-10-30 10:10:42,500:__main__:ERROR - Expecting value: line 1 column 1 (char 0)
Traceback (most recent call last):
  File "resumepbx.py", line 18, in resumepbx
    j = k.json()
  File "E:\Python36\lib\site-packages\requests\models.py", line 892, in json
    return complexjson.loads(self.text, **kwargs)
  File "E:\Python36\lib\site-packages\simplejson\__init__.py", line 518, in loads
    return _default_decoder.decode(s)
  File "E:\Python36\lib\site-packages\simplejson\decoder.py", line 370, in decode
    obj, end = self.raw_decode(s)
  File "E:\Python36\lib\site-packages\simplejson\decoder.py", line 400, in raw_decode
    return self.scan_once(s, idx=_w(s, idx).end())
simplejson.errors.JSONDecodeError: Expecting value: line 1 column 1 (char 0)
2019-10-30 10:10:46,924:__main__:ERROR - Expecting value: line 1 column 1 (char 0)
Traceback (most recent call last):
  File "resumepbx.py", line 18, in resumepbx
    j = k.json()
  File "E:\Python36\lib\site-packages\requests\models.py", line 892, in json
    return complexjson.loads(self.text, **kwargs)
  File "E:\Python36\lib\site-packages\simplejson\__init__.py", line 518, in loads
    return _default_decoder.decode(s)
  File "E:\Python36\lib\site-packages\simplejson\decoder.py", line 370, in decode
    obj, end = self.raw_decode(s)
  File "E:\Python36\lib\site-packages\simplejson\decoder.py", line 400, in raw_decode
    return self.scan_once(s, idx=_w(s, idx).end())
simplejson.errors.JSONDecodeError: Expecting value: line 1 column 1 (char 0)
2019-10-30 10:10:49,057:__main__:ERROR - Expecting value: line 1 column 1 (char 0)
Traceback (most recent call last):
  File "resumepbx.py", line 18, in resumepbx
    j = k.json()
  File "E:\Python36\lib\site-packages\requests\models.py", line 892, in json
    return complexjson.loads(self.text, **kwargs)
  File "E:\Python36\lib\site-packages\simplejson\__init__.py", line 518, in loads
    return _default_decoder.decode(s)
  File "E:\Python36\lib\site-packages\simplejson\decoder.py", line 370, in decode
    obj, end = self.raw_decode(s)
  File "E:\Python36\lib\site-packages\simplejson\decoder.py", line 400, in raw_decode
    return self.scan_once(s, idx=_w(s, idx).end())
simplejson.errors.JSONDecodeError: Expecting value: line 1 column 1 (char 0)
2019-10-30 10:10:52,013:__main__:ERROR - Expecting value: line 1 column 1 (char 0)
Traceback (most recent call last):
  File "resumepbx.py", line 18, in resumepbx
    j = k.json()
  File "E:\Python36\lib\site-packages\requests\models.py", line 892, in json
    return complexjson.loads(self.text, **kwargs)
  File "E:\Python36\lib\site-packages\simplejson\__init__.py", line 518, in loads
    return _default_decoder.decode(s)
  File "E:\Python36\lib\site-packages\simplejson\decoder.py", line 370, in decode
    obj, end = self.raw_decode(s)
  File "E:\Python36\lib\site-packages\simplejson\decoder.py", line 400, in raw_decode
    return self.scan_once(s, idx=_w(s, idx).end())
simplejson.errors.JSONDecodeError: Expecting value: line 1 column 1 (char 0)
2019-10-30 10:10:54,144:__main__:ERROR - Expecting value: line 1 column 1 (char 0)
Traceback (most recent call last):
  File "resumepbx.py", line 18, in resumepbx
    j = k.json()
  File "E:\Python36\lib\site-packages\requests\models.py", line 892, in json
    return complexjson.loads(self.text, **kwargs)
  File "E:\Python36\lib\site-packages\simplejson\__init__.py", line 518, in loads
    return _default_decoder.decode(s)
  File "E:\Python36\lib\site-packages\simplejson\decoder.py", line 370, in decode
    obj, end = self.raw_decode(s)
  File "E:\Python36\lib\site-packages\simplejson\decoder.py", line 400, in raw_decode
    return self.scan_once(s, idx=_w(s, idx).end())
simplejson.errors.JSONDecodeError: Expecting value: line 1 column 1 (char 0)
